<?xml version="1.0" encoding="UTF-8"?>
<!-- Generated by org.testng.reporters.JUnitXMLReporter -->
<testsuite hostname="DESKTOP-6NTQVN6" ignored="0" name="Surefire test" tests="7" failures="0" timestamp="2021-12-14T23:21:06 IST" time="0.047" errors="0">
  <testcase name="m09test1_g_smoke_security" time="0.008" classname="MAVEN.PROJECT_MANAGER.Annotations"/>
  <testcase name="m10test1_g_smoke" time="0.0" classname="MAVEN.PROJECT_MANAGER.Annotations"/>
  <testcase name="m11test1_g_regression" time="0.009" classname="MAVEN.PROJECT_MANAGER.Annotations"/>
  <testcase name="m12test1_g_smoke" time="0.0" classname="MAVEN.PROJECT_MANAGER.Annotations"/>
  <testcase name="m07test1_p1" time="0.001" classname="MAVEN.PROJECT_MANAGER.Annotations"/>
  <testcase name="m06test1_p2" time="0.0" classname="MAVEN.PROJECT_MANAGER.Annotations"/>
  <testcase name="m08test1_p2" time="0.0" classname="MAVEN.PROJECT_MANAGER.Annotations"/>
</testsuite> <!-- Surefire test -->
