<?xml version="1.0" encoding="UTF-8"?>
<!-- Generated by org.testng.reporters.JUnitXMLReporter -->
<testsuite ignored="0" hostname="DESKTOP-6NTQVN6" failures="0" tests="8" name="Test" time="0.082" errors="0" timestamp="2021-12-12T14:37:18 IST">
  <testcase classname="MAVEN.PROJECT_MANAGER.Pro3Test" name="main_3" time="0.005"/>
  <testcase classname="MAVEN.PROJECT_MANAGER.Annotations" name="m09test1_g_smoke_security" time="0.001"/>
  <testcase classname="MAVEN.PROJECT_MANAGER.Annotations" name="m10test1_g_smoke" time="0.002"/>
  <testcase classname="MAVEN.PROJECT_MANAGER.Annotations" name="m11test1_g_regression" time="0.002"/>
  <testcase classname="MAVEN.PROJECT_MANAGER.Annotations" name="m12test1_g_smoke" time="0.002"/>
  <testcase classname="MAVEN.PROJECT_MANAGER.Annotations" name="m07test1_p1" time="0.001"/>
  <testcase classname="MAVEN.PROJECT_MANAGER.Annotations" name="m06test1_p2" time="0.002"/>
  <testcase classname="MAVEN.PROJECT_MANAGER.Annotations" name="m08test1_p2" time="0.002"/>
</testsuite> <!-- Test -->
