<?xml version="1.0" encoding="UTF-8"?>
<!-- Generated by org.testng.reporters.JUnitXMLReporter -->
<testsuite ignored="0" hostname="DESKTOP-6NTQVN6" failures="0" tests="17" name="Command line test" time="0.048" errors="0" timestamp="2021-12-12T14:32:48 IST">
  <testcase classname="MAVEN.PROJECT_MANAGER.AnnotationsTest" name="m09test1_g_smoke_security" time="0.001"/>
  <testcase classname="MAVEN.PROJECT_MANAGER.AnnotationsTest" name="m10test1_g_smoke" time="0.0"/>
  <testcase classname="MAVEN.PROJECT_MANAGER.AnnotationsTest" name="m11test1_g_regression" time="0.0"/>
  <testcase classname="MAVEN.PROJECT_MANAGER.AnnotationsTest" name="m12test1_g_smoke" time="0.0"/>
  <testcase classname="MAVEN.PROJECT_MANAGER.AnnotationsTest" name="m07test1_p1" time="0.0"/>
  <testcase classname="MAVEN.PROJECT_MANAGER.AnnotationsTest" name="m06test1_p2" time="0.0"/>
  <testcase classname="MAVEN.PROJECT_MANAGER.AnnotationsTest" name="m08test1_p2" time="0.0"/>
  <testcase classname="MAVEN.PROJECT_MANAGER.Pro1Test" name="main_1" time="0.0"/>
  <testcase classname="MAVEN.PROJECT_MANAGER.Pro2Test" name="main_2" time="0.0"/>
  <testcase classname="MAVEN.PROJECT_MANAGER.Pro3Test" name="main_3" time="0.0"/>
  <testcase classname="MAVEN.PROJECT_MANAGER.Pro4Test" name="m09test1_g_smoke_security" time="0.0"/>
  <testcase classname="MAVEN.PROJECT_MANAGER.Pro4Test" name="m10test1_g_smoke" time="0.0"/>
  <testcase classname="MAVEN.PROJECT_MANAGER.Pro4Test" name="m11test1_g_regression" time="0.0"/>
  <testcase classname="MAVEN.PROJECT_MANAGER.Pro4Test" name="m12test1_g_smoke" time="0.0"/>
  <testcase classname="MAVEN.PROJECT_MANAGER.Pro4Test" name="m07test1_p1" time="0.0"/>
  <testcase classname="MAVEN.PROJECT_MANAGER.Pro4Test" name="m06test1_p2" time="0.0"/>
  <testcase classname="MAVEN.PROJECT_MANAGER.Pro4Test" name="m08test1_p2" time="0.0"/>
</testsuite> <!-- Command line test -->
